# JRE version: Java(TM) SE Runtime Environment (19.0+36) (build 19+36-2238)
# Java VM: Java HotSpot(TM) 64-Bit Server VM (19+36-2238, mixed mode, emulated-client, sharing, tiered, compressed oops, compressed class ptrs, g1 gc, windows-amd64)
GC Precious Log:
 CardTable entry size: 512
 Card Set container configuration: InlinePtr #cards 5 size 8 Array Of Cards #cards 12 size 40 Howl #buckets 4 coarsen threshold 1843 Howl Bitmap #cards 512 size 80 coarsen threshold 460 Card regions per heap region 1 cards per card region 2048
 CPUs: 12 total, 12 available
 Memory: 5989M
 Large Page Support: Disabled
 NUMA Support: Disabled
 Compressed Oops: Enabled (32-bit)
 Heap Region Size: 1M
 Heap Min Capacity: 8M
 Heap Initial Capacity: 94M
 Heap Max Capacity: 1498M
 Pre-touch: Disabled
 Parallel Workers: 10
 Concurrent Workers: 3
 Concurrent Refinement Workers: 10
 Periodic GC: Disabled
Heap:
 garbage-first heap   total 84992K, used 38993K [0x00000000a2600000, 0x0000000100000000)
  region size 1024K, 1 young (1024K), 1 survivors (1024K)
 Metaspace       used 68543K, committed 69440K, reserved 1114112K
  class space    used 9670K, committed 10112K, reserved 1048576K
GC Heap History (20 events):
Event: 125.063 GC heap after
{Heap after GC invocations=50 (full 0):
 garbage-first heap   total 70656K, used 38919K [0x00000000a2600000, 0x0000000100000000)
  region size 1024K, 1 young (1024K), 1 survivors (1024K)
 Metaspace       used 68543K, committed 69440K, reserved 1114112K
  class space    used 9670K, committed 10112K, reserved 1048576K
}
Event: 125.313 GC heap before
{Heap before GC invocations=50 (full 0):
 garbage-first heap   total 70656K, used 60423K [0x00000000a2600000, 0x0000000100000000)
  region size 1024K, 23 young (23552K), 1 survivors (1024K)
 Metaspace       used 68543K, committed 69440K, reserved 1114112K
  class space    used 9670K, committed 10112K, reserved 1048576K
}
Event: 125.322 GC heap after
{Heap after GC invocations=51 (full 0):
 garbage-first heap   total 70656K, used 38941K [0x00000000a2600000, 0x0000000100000000)
  region size 1024K, 1 young (1024K), 1 survivors (1024K)
 Metaspace       used 68543K, committed 69440K, reserved 1114112K
  class space    used 9670K, committed 10112K, reserved 1048576K
}
Event: 125.620 GC heap before
{Heap before GC invocations=51 (full 0):
 garbage-first heap   total 70656K, used 60445K [0x00000000a2600000, 0x0000000100000000)
  region size 1024K, 23 young (23552K), 1 survivors (1024K)
 Metaspace       used 68543K, committed 69440K, reserved 1114112K
  class space    used 9670K, committed 10112K, reserved 1048576K
}
Event: 125.629 GC heap after
{Heap after GC invocations=52 (full 0):
 garbage-first heap   total 84992K, used 38975K [0x00000000a2600000, 0x0000000100000000)
  region size 1024K, 1 young (1024K), 1 survivors (1024K)
 Metaspace       used 68543K, committed 69440K, reserved 1114112K
  class space    used 9670K, committed 10112K, reserved 1048576K
}
Event: 126.150 GC heap before
{Heap before GC invocations=52 (full 0):
 garbage-first heap   total 84992K, used 72767K [0x00000000a2600000, 0x0000000100000000)
  region size 1024K, 35 young (35840K), 1 survivors (1024K)
 Metaspace       used 68543K, committed 69440K, reserved 1114112K
  class space    used 9670K, committed 10112K, reserved 1048576K
}
Event: 126.155 GC heap after
{Heap after GC invocations=53 (full 0):
 garbage-first heap   total 84992K, used 38982K [0x00000000a2600000, 0x0000000100000000)
  region size 1024K, 1 young (1024K), 1 survivors (1024K)
 Metaspace       used 68543K, committed 69440K, reserved 1114112K
  class space    used 9670K, committed 10112K, reserved 1048576K
}
Event: 126.622 GC heap before
{Heap before GC invocations=53 (full 0):
 garbage-first heap   total 84992K, used 72774K [0x00000000a2600000, 0x0000000100000000)
  region size 1024K, 35 young (35840K), 1 survivors (1024K)
 Metaspace       used 68543K, committed 69440K, reserved 1114112K
  class space    used 9670K, committed 10112K, reserved 1048576K
}
Event: 126.627 GC heap after
{Heap after GC invocations=54 (full 0):
 garbage-first heap   total 84992K, used 38909K [0x00000000a2600000, 0x0000000100000000)
  region size 1024K, 1 young (1024K), 1 survivors (1024K)
 Metaspace       used 68543K, committed 69440K, reserved 1114112K
  class space    used 9670K, committed 10112K, reserved 1048576K
}
Event: 127.021 GC heap before
{Heap before GC invocations=54 (full 0):
 garbage-first heap   total 84992K, used 72701K [0x00000000a2600000, 0x0000000100000000)
  region size 1024K, 35 young (35840K), 1 survivors (1024K)
 Metaspace       used 68543K, committed 69440K, reserved 1114112K
  class space    used 9670K, committed 10112K, reserved 1048576K
}
Event: 127.030 GC heap after
{Heap after GC invocations=55 (full 0):
 garbage-first heap   total 84992K, used 39024K [0x00000000a2600000, 0x0000000100000000)
  region size 1024K, 1 young (1024K), 1 survivors (1024K)
 Metaspace       used 68543K, committed 69440K, reserved 1114112K
  class space    used 9670K, committed 10112K, reserved 1048576K
}
Event: 128.296 GC heap before
{Heap before GC invocations=55 (full 0):
 garbage-first heap   total 84992K, used 72816K [0x00000000a2600000, 0x0000000100000000)
  region size 1024K, 35 young (35840K), 1 survivors (1024K)
 Metaspace       used 68543K, committed 69440K, reserved 1114112K
  class space    used 9670K, committed 10112K, reserved 1048576K
}
Event: 128.301 GC heap after
{Heap after GC invocations=56 (full 0):
 garbage-first heap   total 84992K, used 39044K [0x00000000a2600000, 0x0000000100000000)
  region size 1024K, 1 young (1024K), 1 survivors (1024K)
 Metaspace       used 68543K, committed 69440K, reserved 1114112K
  class space    used 9670K, committed 10112K, reserved 1048576K
}
Event: 128.794 GC heap before
{Heap before GC invocations=56 (full 0):
 garbage-first heap   total 84992K, used 72836K [0x00000000a2600000, 0x0000000100000000)
  region size 1024K, 35 young (35840K), 1 survivors (1024K)
 Metaspace       used 68543K, committed 69440K, reserved 1114112K
  class space    used 9670K, committed 10112K, reserved 1048576K
}
Event: 128.797 GC heap after
{Heap after GC invocations=57 (full 0):
 garbage-first heap   total 84992K, used 38951K [0x00000000a2600000, 0x0000000100000000)
  region size 1024K, 1 young (1024K), 1 survivors (1024K)
 Metaspace       used 68543K, committed 69440K, reserved 1114112K
  class space    used 9670K, committed 10112K, reserved 1048576K
}
Event: 129.133 GC heap before
{Heap before GC invocations=57 (full 0):
 garbage-first heap   total 84992K, used 72743K [0x00000000a2600000, 0x0000000100000000)
  region size 1024K, 35 young (35840K), 1 survivors (1024K)
 Metaspace       used 68543K, committed 69440K, reserved 1114112K
  class space    used 9670K, committed 10112K, reserved 1048576K
}
Event: 129.137 GC heap after
{Heap after GC invocations=58 (full 0):
 garbage-first heap   total 84992K, used 39012K [0x00000000a2600000, 0x0000000100000000)
  region size 1024K, 1 young (1024K), 1 survivors (1024K)
 Metaspace       used 68543K, committed 69440K, reserved 1114112K
  class space    used 9670K, committed 10112K, reserved 1048576K
}
Event: 129.459 GC heap before
{Heap before GC invocations=58 (full 0):
 garbage-first heap   total 84992K, used 72804K [0x00000000a2600000, 0x0000000100000000)
  region size 1024K, 35 young (35840K), 1 survivors (1024K)
 Metaspace       used 68543K, committed 69440K, reserved 1114112K
  class space    used 9670K, committed 10112K, reserved 1048576K
}
Event: 129.462 GC heap after
{Heap after GC invocations=59 (full 0):
 garbage-first heap   total 84992K, used 39113K [0x00000000a2600000, 0x0000000100000000)
  region size 1024K, 1 young (1024K), 1 survivors (1024K)
 Metaspace       used 68543K, committed 69440K, reserved 1114112K
  class space    used 9670K, committed 10112K, reserved 1048576K
}
Event: 129.686 GC heap before
{Heap before GC invocations=59 (full 0):
 garbage-first heap   total 84992K, used 72905K [0x00000000a2600000, 0x0000000100000000)
  region size 1024K, 35 young (35840K), 1 survivors (1024K)
 Metaspace       used 68543K, committed 69440K, reserved 1114112K
  class space    used 9670K, committed 10112K, reserved 1048576K
}

